<?xml version="1.0" encoding="UTF-8"?>
<robot generator="Robot 7.4.2 (Python 3.14.3 on win32)" generated="2026-05-10T09:53:23.025180" rpa="false" schemaversion="5">
<suite id="s1" name="Tests" source="E:\Code\RobotFramework\tests">
<suite id="s1-s1" name="Cart" source="E:\Code\RobotFramework\tests\cart.robot">
<test id="s1-s1-t1" name="Add Single Item To Cart" line="22">
<kw name="Login To Website">
<kw name="Open Browser" owner="SeleniumLibrary">
<msg time="2026-05-10T09:53:23.461401" level="INFO">Opening browser 'chrome' to base url 'https://www.saucedemo.com/'.</msg>
<arg>${URL}</arg>
<arg>${BROWSER}</arg>
<doc>Opens a new browser instance to the optional ``url``.</doc>
<status status="PASS" start="2026-05-10T09:53:23.461063" elapsed="3.420132"/>
</kw>
<kw name="Input Text" owner="SeleniumLibrary">
<msg time="2026-05-10T09:53:26.882006" level="INFO">Typing text 'standard_user' into text field 'id:user-name'.</msg>
<arg>id:user-name</arg>
<arg>${USERNAME}</arg>
<doc>Types the given ``text`` into the text field identified by ``locator``.</doc>
<status status="PASS" start="2026-05-10T09:53:26.881499" elapsed="0.233554"/>
</kw>
<kw name="Input Password" owner="SeleniumLibrary">
<msg time="2026-05-10T09:53:27.115737" level="INFO">Typing password into text field 'id:password'.</msg>
<msg time="2026-05-10T09:53:27.167813" level="INFO">Temporally setting log level to: NONE</msg>
<arg>id:password</arg>
<arg>${PASSWORD}</arg>
<doc>Types the given password into the text field identified by ``locator``.</doc>
<status status="PASS" start="2026-05-10T09:53:27.115377" elapsed="0.132851"/>
</kw>
<kw name="Click Button" owner="SeleniumLibrary">
<msg time="2026-05-10T09:53:27.248640" level="INFO">Clicking button 'id:login-button'.</msg>
<arg>id:login-button</arg>
<doc>Clicks the button identified by ``locator``.</doc>
<status status="PASS" start="2026-05-10T09:53:27.248434" elapsed="0.203224"/>
</kw>
<kw name="Wait Until Page Contains" owner="SeleniumLibrary">
<arg>Products</arg>
<doc>Waits until ``text`` appears on the current page.</doc>
<status status="PASS" start="2026-05-10T09:53:27.452345" elapsed="0.028442"/>
</kw>
<status status="PASS" start="2026-05-10T09:53:23.459774" elapsed="4.021169"/>
</kw>
<kw name="Click Button" owner="SeleniumLibrary">
<msg time="2026-05-10T09:53:27.481336" level="INFO">Clicking button 'id:add-to-cart-sauce-labs-backpack'.</msg>
<arg>id:add-to-cart-sauce-labs-backpack</arg>
<doc>Clicks the button identified by ``locator``.</doc>
<status status="PASS" start="2026-05-10T09:53:27.481105" elapsed="0.107235"/>
</kw>
<kw name="Element Text Should Be" owner="SeleniumLibrary">
<msg time="2026-05-10T09:53:27.588880" level="INFO">Verifying element 'class:shopping_cart_badge' contains exact text '1'.</msg>
<arg>class:shopping_cart_badge</arg>
<arg>1</arg>
<doc>Verifies that element ``locator`` contains exact the text ``expected``.</doc>
<status status="PASS" start="2026-05-10T09:53:27.588578" elapsed="0.033760"/>
</kw>
<kw name="Close Browser" owner="SeleniumLibrary">
<doc>Closes the current browser.</doc>
<status status="PASS" start="2026-05-10T09:53:27.622630" elapsed="2.199545"/>
</kw>
<status status="PASS" start="2026-05-10T09:53:23.458998" elapsed="6.363583"/>
</test>
<test id="s1-s1-t2" name="Add Multiple Items To Cart" line="34">
<kw name="Login To Website">
<kw name="Open Browser" owner="SeleniumLibrary">
<msg time="2026-05-10T09:53:29.825403" level="INFO">Opening browser 'chrome' to base url 'https://www.saucedemo.com/'.</msg>
<arg>${URL}</arg>
<arg>${BROWSER}</arg>
<doc>Opens a new browser instance to the optional ``url``.</doc>
<status status="PASS" start="2026-05-10T09:53:29.824934" elapsed="1.620447"/>
</kw>
<kw name="Input Text" owner="SeleniumLibrary">
<msg time="2026-05-10T09:53:31.445884" level="INFO">Typing text 'standard_user' into text field 'id:user-name'.</msg>
<arg>id:user-name</arg>
<arg>${USERNAME}</arg>
<doc>Types the given ``text`` into the text field identified by ``locator``.</doc>
<status status="PASS" start="2026-05-10T09:53:31.445587" elapsed="0.162975"/>
</kw>
<kw name="Input Password" owner="SeleniumLibrary">
<msg time="2026-05-10T09:53:31.609119" level="INFO">Typing password into text field 'id:password'.</msg>
<msg time="2026-05-10T09:53:31.658660" level="INFO">Temporally setting log level to: NONE</msg>
<arg>id:password</arg>
<arg>${PASSWORD}</arg>
<doc>Types the given password into the text field identified by ``locator``.</doc>
<status status="PASS" start="2026-05-10T09:53:31.608798" elapsed="0.122585"/>
</kw>
<kw name="Click Button" owner="SeleniumLibrary">
<msg time="2026-05-10T09:53:31.731840" level="INFO">Clicking button 'id:login-button'.</msg>
<arg>id:login-button</arg>
<doc>Clicks the button identified by ``locator``.</doc>
<status status="PASS" start="2026-05-10T09:53:31.731605" elapsed="0.179370"/>
</kw>
<kw name="Wait Until Page Contains" owner="SeleniumLibrary">
<arg>Products</arg>
<doc>Waits until ``text`` appears on the current page.</doc>
<status status="PASS" start="2026-05-10T09:53:31.911182" elapsed="0.018554"/>
</kw>
<status status="PASS" start="2026-05-10T09:53:29.824285" elapsed="2.105682"/>
</kw>
<kw name="Click Button" owner="SeleniumLibrary">
<msg time="2026-05-10T09:53:31.930573" level="INFO">Clicking button 'id:add-to-cart-sauce-labs-backpack'.</msg>
<arg>id:add-to-cart-sauce-labs-backpack</arg>
<doc>Clicks the button identified by ``locator``.</doc>
<status status="PASS" start="2026-05-10T09:53:31.930223" elapsed="0.114639"/>
</kw>
<kw name="Click Button" owner="SeleniumLibrary">
<msg time="2026-05-10T09:53:32.045332" level="INFO">Clicking button 'id:add-to-cart-sauce-labs-bike-light'.</msg>
<arg>id:add-to-cart-sauce-labs-bike-light</arg>
<doc>Clicks the button identified by ``locator``.</doc>
<status status="PASS" start="2026-05-10T09:53:32.045080" elapsed="0.114110"/>
</kw>
<kw name="Element Text Should Be" owner="SeleniumLibrary">
<msg time="2026-05-10T09:53:32.159648" level="INFO">Verifying element 'class:shopping_cart_badge' contains exact text '2'.</msg>
<arg>class:shopping_cart_badge</arg>
<arg>2</arg>
<doc>Verifies that element ``locator`` contains exact the text ``expected``.</doc>
<status status="PASS" start="2026-05-10T09:53:32.159401" elapsed="0.031256"/>
</kw>
<kw name="Close Browser" owner="SeleniumLibrary">
<doc>Closes the current browser.</doc>
<status status="PASS" start="2026-05-10T09:53:32.190884" elapsed="2.194221"/>
</kw>
<status status="PASS" start="2026-05-10T09:53:29.823227" elapsed="4.562169"/>
</test>
<test id="s1-s1-t3" name="Remove Item From Cart" line="48">
<kw name="Login To Website">
<kw name="Open Browser" owner="SeleniumLibrary">
<msg time="2026-05-10T09:53:34.387279" level="INFO">Opening browser 'chrome' to base url 'https://www.saucedemo.com/'.</msg>
<arg>${URL}</arg>
<arg>${BROWSER}</arg>
<doc>Opens a new browser instance to the optional ``url``.</doc>
<status status="PASS" start="2026-05-10T09:53:34.387039" elapsed="1.553095"/>
</kw>
<kw name="Input Text" owner="SeleniumLibrary">
<msg time="2026-05-10T09:53:35.940970" level="INFO">Typing text 'standard_user' into text field 'id:user-name'.</msg>
<arg>id:user-name</arg>
<arg>${USERNAME}</arg>
<doc>Types the given ``text`` into the text field identified by ``locator``.</doc>
<status status="PASS" start="2026-05-10T09:53:35.940477" elapsed="0.156760"/>
</kw>
<kw name="Input Password" owner="SeleniumLibrary">
<msg time="2026-05-10T09:53:36.097801" level="INFO">Typing password into text field 'id:password'.</msg>
<msg time="2026-05-10T09:53:36.162782" level="INFO">Temporally setting log level to: NONE</msg>
<arg>id:password</arg>
<arg>${PASSWORD}</arg>
<doc>Types the given password into the text field identified by ``locator``.</doc>
<status status="PASS" start="2026-05-10T09:53:36.097478" elapsed="0.156707"/>
</kw>
<kw name="Click Button" owner="SeleniumLibrary">
<msg time="2026-05-10T09:53:36.254877" level="INFO">Clicking button 'id:login-button'.</msg>
<arg>id:login-button</arg>
<doc>Clicks the button identified by ``locator``.</doc>
<status status="PASS" start="2026-05-10T09:53:36.254519" elapsed="0.192835"/>
</kw>
<kw name="Wait Until Page Contains" owner="SeleniumLibrary">
<arg>Products</arg>
<doc>Waits until ``text`` appears on the current page.</doc>
<status status="PASS" start="2026-05-10T09:53:36.447711" elapsed="0.020959"/>
</kw>
<status status="PASS" start="2026-05-10T09:53:34.386708" elapsed="2.082161"/>
</kw>
<kw name="Click Button" owner="SeleniumLibrary">
<msg time="2026-05-10T09:53:36.469357" level="INFO">Clicking button 'id:add-to-cart-sauce-labs-backpack'.</msg>
<arg>id:add-to-cart-sauce-labs-backpack</arg>
<doc>Clicks the button identified by ``locator``.</doc>
<status status="PASS" start="2026-05-10T09:53:36.469091" elapsed="0.106149"/>
</kw>
<kw name="Click Button" owner="SeleniumLibrary">
<msg time="2026-05-10T09:53:36.575844" level="INFO">Clicking button 'id:remove-sauce-labs-backpack'.</msg>
<arg>id:remove-sauce-labs-backpack</arg>
<doc>Clicks the button identified by ``locator``.</doc>
<status status="PASS" start="2026-05-10T09:53:36.575523" elapsed="0.112702"/>
</kw>
<kw name="Page Should Not Contain Element" owner="SeleniumLibrary">
<msg time="2026-05-10T09:53:36.706532" level="INFO">Current page does not contain element 'class:shopping_cart_badge'.</msg>
<arg>class:shopping_cart_badge</arg>
<doc>Verifies that element ``locator`` is not found on the current page.</doc>
<status status="PASS" start="2026-05-10T09:53:36.688456" elapsed="0.018235"/>
</kw>
<kw name="Close Browser" owner="SeleniumLibrary">
<doc>Closes the current browser.</doc>
<status status="PASS" start="2026-05-10T09:53:36.707015" elapsed="2.210776"/>
</kw>
<status status="PASS" start="2026-05-10T09:53:34.385983" elapsed="4.531988"/>
</test>
<status status="PASS" start="2026-05-10T09:53:23.086020" elapsed="15.832382"/>
</suite>
<suite id="s1-s2" name="Checkout" source="E:\Code\RobotFramework\tests\checkout.robot">
<test id="s1-s2-t1" name="Successful Checkout" line="24">
<kw name="Login And Add Product">
<kw name="Open Browser" owner="SeleniumLibrary">
<msg time="2026-05-10T09:53:38.921710" level="INFO">Opening browser 'chrome' to base url 'https://www.saucedemo.com/'.</msg>
<arg>${URL}</arg>
<arg>${BROWSER}</arg>
<doc>Opens a new browser instance to the optional ``url``.</doc>
<status status="PASS" start="2026-05-10T09:53:38.921525" elapsed="1.392239"/>
</kw>
<kw name="Input Text" owner="SeleniumLibrary">
<msg time="2026-05-10T09:53:40.314557" level="INFO">Typing text 'standard_user' into text field 'id:user-name'.</msg>
<arg>id:user-name</arg>
<arg>${USERNAME}</arg>
<doc>Types the given ``text`` into the text field identified by ``locator``.</doc>
<status status="PASS" start="2026-05-10T09:53:40.314163" elapsed="0.190930"/>
</kw>
<kw name="Input Password" owner="SeleniumLibrary">
<msg time="2026-05-10T09:53:40.505711" level="INFO">Typing password into text field 'id:password'.</msg>
<msg time="2026-05-10T09:53:40.563737" level="INFO">Temporally setting log level to: NONE</msg>
<arg>id:password</arg>
<arg>${PASSWORD}</arg>
<doc>Types the given password into the text field identified by ``locator``.</doc>
<status status="PASS" start="2026-05-10T09:53:40.505360" elapsed="0.134372"/>
</kw>
<kw name="Click Button" owner="SeleniumLibrary">
<msg time="2026-05-10T09:53:40.640309" level="INFO">Clicking button 'id:login-button'.</msg>
<arg>id:login-button</arg>
<doc>Clicks the button identified by ``locator``.</doc>
<status status="PASS" start="2026-05-10T09:53:40.639952" elapsed="0.204922"/>
</kw>
<kw name="Wait Until Page Contains" owner="SeleniumLibrary">
<arg>Products</arg>
<doc>Waits until ``text`` appears on the current page.</doc>
<status status="PASS" start="2026-05-10T09:53:40.845214" elapsed="0.021466"/>
</kw>
<kw name="Click Button" owner="SeleniumLibrary">
<msg time="2026-05-10T09:53:40.867136" level="INFO">Clicking button 'id:add-to-cart-sauce-labs-backpack'.</msg>
<arg>id:add-to-cart-sauce-labs-backpack</arg>
<doc>Clicks the button identified by ``locator``.</doc>
<status status="PASS" start="2026-05-10T09:53:40.866892" elapsed="0.106715"/>
</kw>
<status status="PASS" start="2026-05-10T09:53:38.921301" elapsed="2.052525"/>
</kw>
<kw name="Click Element" owner="SeleniumLibrary">
<msg time="2026-05-10T09:53:40.974467" level="INFO">Clicking element 'class:shopping_cart_link'.</msg>
<arg>class:shopping_cart_link</arg>
<doc>Click the element identified by ``locator``.</doc>
<status status="PASS" start="2026-05-10T09:53:40.974095" elapsed="0.101907"/>
</kw>
<kw name="Click Button" owner="SeleniumLibrary">
<msg time="2026-05-10T09:53:41.076489" level="INFO">Clicking button 'id:checkout'.</msg>
<arg>id:checkout</arg>
<doc>Clicks the button identified by ``locator``.</doc>
<status status="PASS" start="2026-05-10T09:53:41.076241" elapsed="0.111876"/>
</kw>
<kw name="Input Text" owner="SeleniumLibrary">
<msg time="2026-05-10T09:53:41.188567" level="INFO">Typing text 'John' into text field 'id:first-name'.</msg>
<arg>id:first-name</arg>
<arg>John</arg>
<doc>Types the given ``text`` into the text field identified by ``locator``.</doc>
<status status="PASS" start="2026-05-10T09:53:41.188327" elapsed="0.141711"/>
</kw>
<kw name="Input Text" owner="SeleniumLibrary">
<msg time="2026-05-10T09:53:41.330667" level="INFO">Typing text 'Smith' into text field 'id:last-name'.</msg>
<arg>id:last-name</arg>
<arg>Smith</arg>
<doc>Types the given ``text`` into the text field identified by ``locator``.</doc>
<status status="PASS" start="2026-05-10T09:53:41.330343" elapsed="0.137799"/>
</kw>
<kw name="Input Text" owner="SeleniumLibrary">
<msg time="2026-05-10T09:53:41.468979" level="INFO">Typing text '12345' into text field 'id:postal-code'.</msg>
<arg>id:postal-code</arg>
<arg>12345</arg>
<doc>Types the given ``text`` into the text field identified by ``locator``.</doc>
<status status="PASS" start="2026-05-10T09:53:41.468682" elapsed="0.123500"/>
</kw>
<kw name="Click Button" owner="SeleniumLibrary">
<msg time="2026-05-10T09:53:41.592629" level="INFO">Clicking button 'id:continue'.</msg>
<arg>id:continue</arg>
<doc>Clicks the button identified by ``locator``.</doc>
<status status="PASS" start="2026-05-10T09:53:41.592402" elapsed="0.102652"/>
</kw>
<kw name="Wait Until Page Contains" owner="SeleniumLibrary">
<arg>Checkout: Overview</arg>
<doc>Waits until ``text`` appears on the current page.</doc>
<status status="PASS" start="2026-05-10T09:53:41.695359" elapsed="0.015158"/>
</kw>
<kw name="Click Button" owner="SeleniumLibrary">
<msg time="2026-05-10T09:53:41.710945" level="INFO">Clicking button 'id:finish'.</msg>
<arg>id:finish</arg>
<doc>Clicks the button identified by ``locator``.</doc>
<status status="PASS" start="2026-05-10T09:53:41.710718" elapsed="0.545769"/>
</kw>
<kw name="Wait Until Page Contains" owner="SeleniumLibrary">
<arg>Thank you for your order!</arg>
<doc>Waits until ``text`` appears on the current page.</doc>
<status status="PASS" start="2026-05-10T09:53:42.256880" elapsed="0.016550"/>
</kw>
<kw name="Close Browser" owner="SeleniumLibrary">
<doc>Closes the current browser.</doc>
<status status="PASS" start="2026-05-10T09:53:42.273657" elapsed="2.178337"/>
</kw>
<status status="PASS" start="2026-05-10T09:53:38.920961" elapsed="5.531214"/>
</test>
<test id="s1-s2-t2" name="Checkout Missing First Name" line="47">
<kw name="Login And Add Product">
<kw name="Open Browser" owner="SeleniumLibrary">
<msg time="2026-05-10T09:53:44.453248" level="INFO">Opening browser 'chrome' to base url 'https://www.saucedemo.com/'.</msg>
<arg>${URL}</arg>
<arg>${BROWSER}</arg>
<doc>Opens a new browser instance to the optional ``url``.</doc>
<status status="PASS" start="2026-05-10T09:53:44.453052" elapsed="1.370589"/>
</kw>
<kw name="Input Text" owner="SeleniumLibrary">
<msg time="2026-05-10T09:53:45.824158" level="INFO">Typing text 'standard_user' into text field 'id:user-name'.</msg>
<arg>id:user-name</arg>
<arg>${USERNAME}</arg>
<doc>Types the given ``text`` into the text field identified by ``locator``.</doc>
<status status="PASS" start="2026-05-10T09:53:45.823858" elapsed="0.160288"/>
</kw>
<kw name="Input Password" owner="SeleniumLibrary">
<msg time="2026-05-10T09:53:45.984825" level="INFO">Typing password into text field 'id:password'.</msg>
<msg time="2026-05-10T09:53:46.037683" level="INFO">Temporally setting log level to: NONE</msg>
<arg>id:password</arg>
<arg>${PASSWORD}</arg>
<doc>Types the given password into the text field identified by ``locator``.</doc>
<status status="PASS" start="2026-05-10T09:53:45.984426" elapsed="0.143748"/>
</kw>
<kw name="Click Button" owner="SeleniumLibrary">
<msg time="2026-05-10T09:53:46.128675" level="INFO">Clicking button 'id:login-button'.</msg>
<arg>id:login-button</arg>
<doc>Clicks the button identified by ``locator``.</doc>
<status status="PASS" start="2026-05-10T09:53:46.128415" elapsed="0.184135"/>
</kw>
<kw name="Wait Until Page Contains" owner="SeleniumLibrary">
<arg>Products</arg>
<doc>Waits until ``text`` appears on the current page.</doc>
<status status="PASS" start="2026-05-10T09:53:46.312785" elapsed="0.021338"/>
</kw>
<kw name="Click Button" owner="SeleniumLibrary">
<msg time="2026-05-10T09:53:46.335539" level="INFO">Clicking button 'id:add-to-cart-sauce-labs-backpack'.</msg>
<arg>id:add-to-cart-sauce-labs-backpack</arg>
<doc>Clicks the button identified by ``locator``.</doc>
<status status="PASS" start="2026-05-10T09:53:46.335079" elapsed="0.135447"/>
</kw>
<status status="PASS" start="2026-05-10T09:53:44.452783" elapsed="2.017996"/>
</kw>
<kw name="Click Element" owner="SeleniumLibrary">
<msg time="2026-05-10T09:53:46.471278" level="INFO">Clicking element 'class:shopping_cart_link'.</msg>
<arg>class:shopping_cart_link</arg>
<doc>Click the element identified by ``locator``.</doc>
<status status="PASS" start="2026-05-10T09:53:46.471005" elapsed="0.111431"/>
</kw>
<kw name="Click Button" owner="SeleniumLibrary">
<msg time="2026-05-10T09:53:46.582956" level="INFO">Clicking button 'id:checkout'.</msg>
<arg>id:checkout</arg>
<doc>Clicks the button identified by ``locator``.</doc>
<status status="PASS" start="2026-05-10T09:53:46.582696" elapsed="0.108561"/>
</kw>
<kw name="Input Text" owner="SeleniumLibrary">
<msg time="2026-05-10T09:53:46.691674" level="INFO">Typing text 'Smith' into text field 'id:last-name'.</msg>
<arg>id:last-name</arg>
<arg>Smith</arg>
<doc>Types the given ``text`` into the text field identified by ``locator``.</doc>
<status status="PASS" start="2026-05-10T09:53:46.691453" elapsed="0.099609"/>
</kw>
<kw name="Input Text" owner="SeleniumLibrary">
<msg time="2026-05-10T09:53:46.791484" level="INFO">Typing text '12345' into text field 'id:postal-code'.</msg>
<arg>id:postal-code</arg>
<arg>12345</arg>
<doc>Types the given ``text`` into the text field identified by ``locator``.</doc>
<status status="PASS" start="2026-05-10T09:53:46.791260" elapsed="0.096901"/>
</kw>
<kw name="Click Button" owner="SeleniumLibrary">
<msg time="2026-05-10T09:53:46.888574" level="INFO">Clicking button 'id:continue'.</msg>
<arg>id:continue</arg>
<doc>Clicks the button identified by ``locator``.</doc>
<status status="PASS" start="2026-05-10T09:53:46.888356" elapsed="0.082897"/>
</kw>
<kw name="Wait Until Page Contains" owner="SeleniumLibrary">
<msg time="2026-05-10T09:53:52.032518" level="INFO" html="true">&lt;/td&gt;&lt;/tr&gt;&lt;tr&gt;&lt;td colspan="3"&gt;&lt;a href="selenium-screenshot-17.png"&gt;&lt;img src="selenium-screenshot-17.png" width="800px"&gt;&lt;/a&gt;</msg>
<msg time="2026-05-10T09:53:52.032781" level="FAIL">Text 'First Name is required' did not appear in 5 seconds.</msg>
<arg>First Name is required</arg>
<doc>Waits until ``text`` appears on the current page.</doc>
<status status="FAIL" start="2026-05-10T09:53:46.971435" elapsed="5.067886">Text 'First Name is required' did not appear in 5 seconds.</status>
</kw>
<kw name="Close Browser" owner="SeleniumLibrary">
<doc>Closes the current browser.</doc>
<status status="NOT RUN" start="2026-05-10T09:53:52.039544" elapsed="0.000036"/>
</kw>
<status status="FAIL" start="2026-05-10T09:53:44.452405" elapsed="7.587728">Text 'First Name is required' did not appear in 5 seconds.</status>
</test>
<test id="s1-s2-t3" name="Checkout Missing Postal Code" line="65">
<kw name="Login And Add Product">
<kw name="Open Browser" owner="SeleniumLibrary">
<msg time="2026-05-10T09:53:52.041167" level="INFO">Opening browser 'chrome' to base url 'https://www.saucedemo.com/'.</msg>
<arg>${URL}</arg>
<arg>${BROWSER}</arg>
<doc>Opens a new browser instance to the optional ``url``.</doc>
<status status="PASS" start="2026-05-10T09:53:52.040957" elapsed="1.572084"/>
</kw>
<kw name="Input Text" owner="SeleniumLibrary">
<msg time="2026-05-10T09:53:53.614258" level="INFO">Typing text 'standard_user' into text field 'id:user-name'.</msg>
<arg>id:user-name</arg>
<arg>${USERNAME}</arg>
<doc>Types the given ``text`` into the text field identified by ``locator``.</doc>
<status status="PASS" start="2026-05-10T09:53:53.613475" elapsed="0.209718"/>
</kw>
<kw name="Input Password" owner="SeleniumLibrary">
<msg time="2026-05-10T09:53:53.824113" level="INFO">Typing password into text field 'id:password'.</msg>
<msg time="2026-05-10T09:53:53.882794" level="INFO">Temporally setting log level to: NONE</msg>
<arg>id:password</arg>
<arg>${PASSWORD}</arg>
<doc>Types the given password into the text field identified by ``locator``.</doc>
<status status="PASS" start="2026-05-10T09:53:53.823543" elapsed="0.164156"/>
</kw>
<kw name="Click Button" owner="SeleniumLibrary">
<msg time="2026-05-10T09:53:53.988188" level="INFO">Clicking button 'id:login-button'.</msg>
<arg>id:login-button</arg>
<doc>Clicks the button identified by ``locator``.</doc>
<status status="PASS" start="2026-05-10T09:53:53.987931" elapsed="0.197580"/>
</kw>
<kw name="Wait Until Page Contains" owner="SeleniumLibrary">
<arg>Products</arg>
<doc>Waits until ``text`` appears on the current page.</doc>
<status status="PASS" start="2026-05-10T09:53:54.185747" elapsed="0.017463"/>
</kw>
<kw name="Click Button" owner="SeleniumLibrary">
<msg time="2026-05-10T09:53:54.203919" level="INFO">Clicking button 'id:add-to-cart-sauce-labs-backpack'.</msg>
<arg>id:add-to-cart-sauce-labs-backpack</arg>
<doc>Clicks the button identified by ``locator``.</doc>
<status status="PASS" start="2026-05-10T09:53:54.203543" elapsed="0.110100"/>
</kw>
<status status="PASS" start="2026-05-10T09:53:52.040710" elapsed="2.273088"/>
</kw>
<kw name="Click Element" owner="SeleniumLibrary">
<msg time="2026-05-10T09:53:54.314400" level="INFO">Clicking element 'class:shopping_cart_link'.</msg>
<arg>class:shopping_cart_link</arg>
<doc>Click the element identified by ``locator``.</doc>
<status status="PASS" start="2026-05-10T09:53:54.313975" elapsed="0.113845"/>
</kw>
<kw name="Click Button" owner="SeleniumLibrary">
<msg time="2026-05-10T09:53:54.428458" level="INFO">Clicking button 'id:checkout'.</msg>
<arg>id:checkout</arg>
<doc>Clicks the button identified by ``locator``.</doc>
<status status="PASS" start="2026-05-10T09:53:54.428114" elapsed="0.154428"/>
</kw>
<kw name="Input Text" owner="SeleniumLibrary">
<msg time="2026-05-10T09:53:54.583380" level="INFO">Typing text 'John' into text field 'id:first-name'.</msg>
<arg>id:first-name</arg>
<arg>John</arg>
<doc>Types the given ``text`` into the text field identified by ``locator``.</doc>
<status status="PASS" start="2026-05-10T09:53:54.582948" elapsed="0.168478"/>
</kw>
<kw name="Input Text" owner="SeleniumLibrary">
<msg time="2026-05-10T09:53:54.752397" level="INFO">Typing text 'Smith' into text field 'id:last-name'.</msg>
<arg>id:last-name</arg>
<arg>Smith</arg>
<doc>Types the given ``text`` into the text field identified by ``locator``.</doc>
<status status="PASS" start="2026-05-10T09:53:54.751874" elapsed="0.116586"/>
</kw>
<kw name="Click Button" owner="SeleniumLibrary">
<msg time="2026-05-10T09:53:54.868931" level="INFO">Clicking button 'id:continue'.</msg>
<arg>id:continue</arg>
<doc>Clicks the button identified by ``locator``.</doc>
<status status="PASS" start="2026-05-10T09:53:54.868685" elapsed="0.104356"/>
</kw>
<kw name="Wait Until Page Contains" owner="SeleniumLibrary">
<msg time="2026-05-10T09:54:00.109970" level="INFO" html="true">&lt;/td&gt;&lt;/tr&gt;&lt;tr&gt;&lt;td colspan="3"&gt;&lt;a href="selenium-screenshot-18.png"&gt;&lt;img src="selenium-screenshot-18.png" width="800px"&gt;&lt;/a&gt;</msg>
<msg time="2026-05-10T09:54:00.110204" level="FAIL">Text 'Postal Code is required' did not appear in 5 seconds.</msg>
<arg>Postal Code is required</arg>
<doc>Waits until ``text`` appears on the current page.</doc>
<status status="FAIL" start="2026-05-10T09:53:54.973405" elapsed="5.138457">Text 'Postal Code is required' did not appear in 5 seconds.</status>
</kw>
<kw name="Close Browser" owner="SeleniumLibrary">
<doc>Closes the current browser.</doc>
<status status="NOT RUN" start="2026-05-10T09:54:00.112100" elapsed="0.000055"/>
</kw>
<status status="FAIL" start="2026-05-10T09:53:52.040369" elapsed="8.071999">Text 'Postal Code is required' did not appear in 5 seconds.</status>
</test>
<status status="FAIL" start="2026-05-10T09:53:38.918867" elapsed="21.193946"/>
</suite>
<suite id="s1-s3" name="Google Drive" source="E:\Code\RobotFramework\tests\google_drive.robot">
<test id="s1-s3-t1" name="Open Google Drive" line="8">
<kw name="Open Chrome With Profile">
<kw name="Evaluate" owner="BuiltIn">
<msg time="2026-05-10T09:54:00.118402" level="INFO">${options} = &lt;selenium.webdriver.chrome.options.Options object at 0x000002287CC4A580&gt;</msg>
<var>${options}</var>
<arg>sys.modules['selenium.webdriver'].ChromeOptions()</arg>
<arg>sys</arg>
<doc>Evaluates the given expression in Python and returns the result.</doc>
<status status="PASS" start="2026-05-10T09:54:00.117656" elapsed="0.000803"/>
</kw>
<kw name="Set Variable" owner="BuiltIn">
<msg time="2026-05-10T09:54:00.119068" level="INFO">${userData} = --user-data-dir=C:/Users/qwang34@lakeheadu.ca/AppData/Local/Google/Chrome/User Data</msg>
<var>${userData}</var>
<arg>--user-data-dir=C:/Users/qwang34@lakeheadu.ca/AppData/Local/Google/Chrome/User Data</arg>
<doc>Returns the given values which can then be assigned to a variables.</doc>
<status status="PASS" start="2026-05-10T09:54:00.118648" elapsed="0.000468"/>
</kw>
<kw name="Call Method" owner="BuiltIn">
<arg>${options}</arg>
<arg>add_argument</arg>
<arg>${userData}</arg>
<doc>Calls the named method of the given object with the provided arguments.</doc>
<status status="PASS" start="2026-05-10T09:54:00.119270" elapsed="0.000427"/>
</kw>
<kw name="Set Variable" owner="BuiltIn">
<msg time="2026-05-10T09:54:00.120246" level="INFO">${profile} = --profile-directory=Default</msg>
<var>${profile}</var>
<arg>--profile-directory=Default</arg>
<doc>Returns the given values which can then be assigned to a variables.</doc>
<status status="PASS" start="2026-05-10T09:54:00.119868" elapsed="0.000425"/>
</kw>
<kw name="Call Method" owner="BuiltIn">
<arg>${options}</arg>
<arg>add_argument</arg>
<arg>${profile}</arg>
<doc>Calls the named method of the given object with the provided arguments.</doc>
<status status="PASS" start="2026-05-10T09:54:00.120552" elapsed="0.000621"/>
</kw>
<kw name="Create Webdriver" owner="SeleniumLibrary">
<msg time="2026-05-10T09:54:00.121628" level="INFO">Creating an instance of the Chrome WebDriver.</msg>
<arg>Chrome</arg>
<arg>options=${options}</arg>
<doc>Creates an instance of Selenium WebDriver.</doc>
<status status="PASS" start="2026-05-10T09:54:00.121354" elapsed="1.304836"/>
</kw>
<status status="PASS" start="2026-05-10T09:54:00.117269" elapsed="1.309174"/>
</kw>
<kw name="Go To" owner="SeleniumLibrary">
<msg time="2026-05-10T09:54:01.427121" level="INFO">Opening url 'https://drive.google.com'</msg>
<arg>${GOOGLE_DRIVE}</arg>
<doc>Navigates the current browser window to the provided ``url``.</doc>
<status status="PASS" start="2026-05-10T09:54:01.426721" elapsed="3.734928"/>
</kw>
<kw name="Wait Until Page Contains" owner="SeleniumLibrary">
<msg time="2026-05-10T09:54:20.311687" level="INFO" html="true">&lt;/td&gt;&lt;/tr&gt;&lt;tr&gt;&lt;td colspan="3"&gt;&lt;a href="selenium-screenshot-19.png"&gt;&lt;img src="selenium-screenshot-19.png" width="800px"&gt;&lt;/a&gt;</msg>
<msg time="2026-05-10T09:54:20.311863" level="FAIL">Text 'My Drive' did not appear in 15 seconds.</msg>
<arg>My Drive</arg>
<arg>timeout=15s</arg>
<doc>Waits until ``text`` appears on the current page.</doc>
<status status="FAIL" start="2026-05-10T09:54:05.162097" elapsed="15.151209">Text 'My Drive' did not appear in 15 seconds.</status>
</kw>
<kw name="Log" owner="BuiltIn">
<arg>Successfully opened Google Drive</arg>
<doc>Logs the given message with the given level.</doc>
<status status="NOT RUN" start="2026-05-10T09:54:20.313542" elapsed="0.000063"/>
</kw>
<kw name="Sleep" owner="BuiltIn">
<arg>5s</arg>
<doc>Pauses the test executed for the given time.</doc>
<status status="NOT RUN" start="2026-05-10T09:54:20.313729" elapsed="0.000033"/>
</kw>
<kw name="Close Browser" owner="SeleniumLibrary">
<doc>Closes the current browser.</doc>
<status status="NOT RUN" start="2026-05-10T09:54:20.313869" elapsed="0.000030"/>
</kw>
<status status="FAIL" start="2026-05-10T09:54:00.116655" elapsed="20.197468">Text 'My Drive' did not appear in 15 seconds.</status>
</test>
<status status="FAIL" start="2026-05-10T09:54:00.113447" elapsed="20.201231"/>
</suite>
<suite id="s1-s4" name="Hello-Robot" source="E:\Code\RobotFramework\tests\hello-robot.robot">
<test id="s1-s4-t1" name="My First Test" line="2">
<kw name="Log" owner="BuiltIn">
<msg time="2026-05-10T09:54:20.319219" level="INFO">Hello Robot Framework</msg>
<arg>Hello Robot Framework</arg>
<doc>Logs the given message with the given level.</doc>
<status status="PASS" start="2026-05-10T09:54:20.318416" elapsed="0.000908"/>
</kw>
<status status="PASS" start="2026-05-10T09:54:20.317969" elapsed="0.001540"/>
</test>
<status status="PASS" start="2026-05-10T09:54:20.315761" elapsed="0.004161"/>
</suite>
<suite id="s1-s5" name="Invaid Login" source="E:\Code\RobotFramework\tests\invaid_login.robot">
<test id="s1-s5-t1" name="Invalid Login Test" line="11">
<kw name="Open Browser" owner="SeleniumLibrary">
<msg time="2026-05-10T09:54:20.323801" level="INFO">Opening browser 'chrome' to base url 'https://www.saucedemo.com/'.</msg>
<arg>${URL}</arg>
<arg>${BROWSER}</arg>
<doc>Opens a new browser instance to the optional ``url``.</doc>
<status status="PASS" start="2026-05-10T09:54:20.323523" elapsed="2.409268"/>
</kw>
<kw name="Maximize Browser Window" owner="SeleniumLibrary">
<doc>Maximizes current browser window.</doc>
<status status="PASS" start="2026-05-10T09:54:22.733396" elapsed="0.040334"/>
</kw>
<kw name="Input Text" owner="SeleniumLibrary">
<msg time="2026-05-10T09:54:22.774323" level="INFO">Typing text 'invalid_user' into text field 'id:user-name'.</msg>
<arg>id:user-name</arg>
<arg>invalid_user</arg>
<doc>Types the given ``text`` into the text field identified by ``locator``.</doc>
<status status="PASS" start="2026-05-10T09:54:22.773992" elapsed="0.227389"/>
</kw>
<kw name="Input Password" owner="SeleniumLibrary">
<msg time="2026-05-10T09:54:23.002176" level="INFO">Typing password into text field 'id:password'.</msg>
<msg time="2026-05-10T09:54:23.060990" level="INFO">Temporally setting log level to: NONE</msg>
<arg>id:password</arg>
<arg>invalid_password</arg>
<doc>Types the given password into the text field identified by ``locator``.</doc>
<status status="PASS" start="2026-05-10T09:54:23.001747" elapsed="0.173939"/>
</kw>
<kw name="Click Button" owner="SeleniumLibrary">
<msg time="2026-05-10T09:54:23.176392" level="INFO">Clicking button 'id:login-button'.</msg>
<arg>id:login-button</arg>
<doc>Clicks the button identified by ``locator``.</doc>
<status status="PASS" start="2026-05-10T09:54:23.175949" elapsed="0.143328"/>
</kw>
<kw name="Wait Until Page Contains" owner="SeleniumLibrary">
<arg>Epic sadface: Username and password do not match any user in this service</arg>
<arg>timeout=10s</arg>
<doc>Waits until ``text`` appears on the current page.</doc>
<status status="PASS" start="2026-05-10T09:54:23.319542" elapsed="0.023558"/>
</kw>
<kw name="Log" owner="BuiltIn">
<msg time="2026-05-10T09:54:23.343836" level="INFO">Invalid login test passed</msg>
<arg>Invalid login test passed</arg>
<doc>Logs the given message with the given level.</doc>
<status status="PASS" start="2026-05-10T09:54:23.343352" elapsed="0.000582"/>
</kw>
<kw name="Sleep" owner="BuiltIn">
<msg time="2026-05-10T09:54:26.344650" level="INFO">Slept 3 seconds.</msg>
<arg>3s</arg>
<doc>Pauses the test executed for the given time.</doc>
<status status="PASS" start="2026-05-10T09:54:23.344109" elapsed="3.000656"/>
</kw>
<kw name="Close Browser" owner="SeleniumLibrary">
<doc>Closes the current browser.</doc>
<status status="PASS" start="2026-05-10T09:54:26.344926" elapsed="2.220658"/>
</kw>
<status status="PASS" start="2026-05-10T09:54:20.323107" elapsed="8.242664"/>
</test>
<status status="PASS" start="2026-05-10T09:54:20.320477" elapsed="8.245574"/>
</suite>
<suite id="s1-s6" name="Login" source="E:\Code\RobotFramework\tests\login.robot">
<test id="s1-s6-t1" name="Successful Login Test" line="11">
<kw name="Open Browser" owner="SeleniumLibrary">
<msg time="2026-05-10T09:54:28.568856" level="INFO">Opening browser 'chrome' to base url 'https://www.saucedemo.com/'.</msg>
<arg>${URL}</arg>
<arg>${BROWSER}</arg>
<doc>Opens a new browser instance to the optional ``url``.</doc>
<status status="PASS" start="2026-05-10T09:54:28.568660" elapsed="1.223670"/>
</kw>
<kw name="Maximize Browser Window" owner="SeleniumLibrary">
<doc>Maximizes current browser window.</doc>
<status status="PASS" start="2026-05-10T09:54:29.792775" elapsed="0.468875"/>
</kw>
<kw name="Input Text" owner="SeleniumLibrary">
<msg time="2026-05-10T09:54:30.262220" level="INFO">Typing text 'standard_user' into text field 'id:user-name'.</msg>
<arg>id:user-name</arg>
<arg>${USERNAME}</arg>
<doc>Types the given ``text`` into the text field identified by ``locator``.</doc>
<status status="PASS" start="2026-05-10T09:54:30.261845" elapsed="0.169175"/>
</kw>
<kw name="Input Password" owner="SeleniumLibrary">
<msg time="2026-05-10T09:54:30.431568" level="INFO">Typing password into text field 'id:password'.</msg>
<msg time="2026-05-10T09:54:30.486137" level="INFO">Temporally setting log level to: NONE</msg>
<arg>id:password</arg>
<arg>${PASSWORD}</arg>
<doc>Types the given password into the text field identified by ``locator``.</doc>
<status status="PASS" start="2026-05-10T09:54:30.431249" elapsed="0.146170"/>
</kw>
<kw name="Click Button" owner="SeleniumLibrary">
<msg time="2026-05-10T09:54:30.577973" level="INFO">Clicking button 'id:login-button'.</msg>
<arg>id:login-button</arg>
<doc>Clicks the button identified by ``locator``.</doc>
<status status="PASS" start="2026-05-10T09:54:30.577688" elapsed="0.193352"/>
</kw>
<kw name="Wait Until Page Contains" owner="SeleniumLibrary">
<arg>Products</arg>
<arg>timeout=10s</arg>
<doc>Waits until ``text`` appears on the current page.</doc>
<status status="PASS" start="2026-05-10T09:54:30.771343" elapsed="0.016163"/>
</kw>
<kw name="Log" owner="BuiltIn">
<msg time="2026-05-10T09:54:30.788240" level="INFO">Login successful</msg>
<arg>Login successful</arg>
<doc>Logs the given message with the given level.</doc>
<status status="PASS" start="2026-05-10T09:54:30.787830" elapsed="0.000486"/>
</kw>
<kw name="Sleep" owner="BuiltIn">
<msg time="2026-05-10T09:54:33.789279" level="INFO">Slept 3 seconds.</msg>
<arg>3s</arg>
<doc>Pauses the test executed for the given time.</doc>
<status status="PASS" start="2026-05-10T09:54:30.788500" elapsed="3.000890"/>
</kw>
<kw name="Close Browser" owner="SeleniumLibrary">
<doc>Closes the current browser.</doc>
<status status="PASS" start="2026-05-10T09:54:33.789555" elapsed="2.218556"/>
</kw>
<status status="PASS" start="2026-05-10T09:54:28.568358" elapsed="7.439965"/>
</test>
<status status="PASS" start="2026-05-10T09:54:28.566456" elapsed="7.442190"/>
</suite>
<status status="FAIL" start="2026-05-10T09:53:23.027213" elapsed="72.982159"/>
</suite>
<statistics>
<total>
<stat pass="7" fail="3" skip="0">All Tests</stat>
</total>
<tag>
</tag>
<suite>
<stat name="Tests" id="s1" pass="7" fail="3" skip="0">Tests</stat>
<stat name="Cart" id="s1-s1" pass="3" fail="0" skip="0">Tests.Cart</stat>
<stat name="Checkout" id="s1-s2" pass="1" fail="2" skip="0">Tests.Checkout</stat>
<stat name="Google Drive" id="s1-s3" pass="0" fail="1" skip="0">Tests.Google Drive</stat>
<stat name="Hello-Robot" id="s1-s4" pass="1" fail="0" skip="0">Tests.Hello-Robot</stat>
<stat name="Invaid Login" id="s1-s5" pass="1" fail="0" skip="0">Tests.Invaid Login</stat>
<stat name="Login" id="s1-s6" pass="1" fail="0" skip="0">Tests.Login</stat>
</suite>
</statistics>
<errors>
</errors>
</robot>
